Using pre-set license
Built from '2020.2/release' branch; Version is '2020.2.4f1 (becced5a802b) revision 12504301'; Using compiler version '192528614'; Build Type 'Release'
OS: 'Windows 10 Home; OS build 19042.804; Version 2009; 64bit' Language: 'en' Physical Memory: 16324 MB
BatchMode: 1, IsHumanControllingUs: 0, StartBugReporterOnCrash: 0, Is64bit: 1, IsPro: 0

 COMMAND LINE ARGUMENTS:
C:\Program Files\Unity\Hub\Editor\2020.2.4f1\Editor\Unity.exe
-adb2
-batchMode
-noUpm
-name
AssetImportWorker0
-projectPath
E:/Concordia Winter 2021/Cart315/Prototype-2-cart315/Prototype2
-logFile
Logs/AssetImportWorker0.log
-srvPort
65227
Successfully changed project path to: E:/Concordia Winter 2021/Cart315/Prototype-2-cart315/Prototype2
E:/Concordia Winter 2021/Cart315/Prototype-2-cart315/Prototype2
Using Asset Import Pipeline V2.
Refreshing native plugins compatible for Editor in 36.45 ms, found 0 plugins.
Preloading 0 native plugins for Editor in 0.00 ms.
Initialize engine version: 2020.2.4f1 (becced5a802b)
[Subsystems] Discovering subsystems at path C:/Program Files/Unity/Hub/Editor/2020.2.4f1/Editor/Data/Resources/UnitySubsystems
[Subsystems] Discovering subsystems at path E:/Concordia Winter 2021/Cart315/Prototype-2-cart315/Prototype2/Assets
GfxDevice: creating device client; threaded=0
Direct3D:
    Version:  Direct3D 11.0 [level 11.1]
    Renderer: NVIDIA GeForce GTX 970 (ID=0x13c2)
    Vendor:   
    VRAM:     4043 MB
    Driver:   27.21.14.5671
Initialize mono
Mono path[0] = 'C:/Program Files/Unity/Hub/Editor/2020.2.4f1/Editor/Data/Managed'
Mono path[1] = 'C:/Program Files/Unity/Hub/Editor/2020.2.4f1/Editor/Data/MonoBleedingEdge/lib/mono/unityjit'
Mono config path = 'C:/Program Files/Unity/Hub/Editor/2020.2.4f1/Editor/Data/MonoBleedingEdge/etc'
Using monoOptions --debugger-agent=transport=dt_socket,embedding=1,server=y,suspend=n,address=127.0.0.1:56168
Begin MonoManager ReloadAssembly
Registering precompiled unity dll's ...
Register platform support module: C:/Program Files/Unity/Hub/Editor/2020.2.4f1/Editor/Data/PlaybackEngines/WindowsStandaloneSupport/UnityEditor.WindowsStandalone.Extensions.dll
Registered in 0.002514 seconds.
Native extension for WindowsStandalone target not found
Refreshing native plugins compatible for Editor in 30.48 ms, found 0 plugins.
Preloading 0 native plugins for Editor in 0.00 ms.
Invoked RoslynAnalysisRunner static constructor.
RoslynAnalysisRunner will not be running.
RoslynAnalysisRunner has terminated.
Mono: successfully reloaded assembly
- Completed reload, in  1.176 seconds
Platform modules already initialized, skipping
Registering precompiled user dll's ...
Registered in 0.000730 seconds.
Begin MonoManager ReloadAssembly
Native extension for WindowsStandalone target not found
Refreshing native plugins compatible for Editor in 0.27 ms, found 0 plugins.
Preloading 0 native plugins for Editor in 0.00 ms.
Invoked RoslynAnalysisRunner static constructor.
RoslynAnalysisRunner will not be running.
RoslynAnalysisRunner has terminated.
Mono: successfully reloaded assembly
- Completed reload, in  0.776 seconds
Platform modules already initialized, skipping
========================================================================
Worker process is ready to serve import requests
Launched and connected shader compiler UnityShaderCompiler.exe after 0.07 seconds
Refreshing native plugins compatible for Editor in 0.49 ms, found 0 plugins.
Preloading 0 native plugins for Editor in 0.00 ms.
Unloading 1353 Unused Serialized files (Serialized files now loaded: 0)
System memory in use before: 117.7 MB.
System memory in use after: 117.4 MB.

Unloading 12 unused Assets to reduce memory usage. Loaded Objects now: 1822.
Total: 3.633400 ms (FindLiveObjects: 0.344200 ms CreateObjectMapping: 0.168400 ms MarkObjects: 2.668100 ms  DeleteObjects: 0.450900 ms)

========================================================================
Received Import Request.
  path: Assets/Scripts/ThirdPersonMovement.cs
  artifactKey: Guid(bfffd3e78e4569b439633a3687430522) Importer(815301076,1909f56bfc062723c751e8b465ee728b)
Start importing Assets/Scripts/ThirdPersonMovement.cs using Guid(bfffd3e78e4569b439633a3687430522) Importer(815301076,1909f56bfc062723c751e8b465ee728b)  -> (artifact id: '7862831e732ddd0b101f62a52f020a0f') in 0.071799 seconds
  Import took 0.075851 seconds .

========================================================================
Received Prepare
Registering precompiled user dll's ...
Registered in 0.000662 seconds.
Begin MonoManager ReloadAssembly
Native extension for WindowsStandalone target not found
Refreshing native plugins compatible for Editor in 0.48 ms, found 0 plugins.
Preloading 0 native plugins for Editor in 0.00 ms.
Invoked RoslynAnalysisRunner static constructor.
RoslynAnalysisRunner will not be running.
RoslynAnalysisRunner has terminated.
Mono: successfully reloaded assembly
- Completed reload, in  0.821 seconds
Platform modules already initialized, skipping
Refreshing native plugins compatible for Editor in 0.27 ms, found 0 plugins.
Preloading 0 native plugins for Editor in 0.00 ms.
Unloading 1268 Unused Serialized files (Serialized files now loaded: 0)
System memory in use before: 111.4 MB.
System memory in use after: 111.2 MB.

Unloading 7 unused Assets to reduce memory usage. Loaded Objects now: 1825.
Total: 2.285700 ms (FindLiveObjects: 0.347300 ms CreateObjectMapping: 0.113400 ms MarkObjects: 1.493200 ms  DeleteObjects: 0.330100 ms)

========================================================================
Received Import Request.
  Time since last request: 24.867650 seconds.
  path: Assets/Scripts/ThirdPersonMovement.cs
  artifactKey: Guid(bfffd3e78e4569b439633a3687430522) Importer(815301076,1909f56bfc062723c751e8b465ee728b)
Start importing Assets/Scripts/ThirdPersonMovement.cs using Guid(bfffd3e78e4569b439633a3687430522) Importer(815301076,1909f56bfc062723c751e8b465ee728b)  -> (artifact id: '01135d59bf22c2e5798d380641886de7') in 0.004853 seconds
  Import took 0.007376 seconds .

========================================================================
Received Prepare
Registering precompiled user dll's ...
Registered in 0.000715 seconds.
Begin MonoManager ReloadAssembly
Native extension for WindowsStandalone target not found
Refreshing native plugins compatible for Editor in 0.50 ms, found 0 plugins.
Preloading 0 native plugins for Editor in 0.00 ms.
Invoked RoslynAnalysisRunner static constructor.
RoslynAnalysisRunner will not be running.
RoslynAnalysisRunner has terminated.
Mono: successfully reloaded assembly
- Completed reload, in  0.771 seconds
Platform modules already initialized, skipping
Refreshing native plugins compatible for Editor in 0.31 ms, found 0 plugins.
Preloading 0 native plugins for Editor in 0.00 ms.
Unloading 1267 Unused Serialized files (Serialized files now loaded: 0)
System memory in use before: 111.4 MB.
System memory in use after: 111.2 MB.

Unloading 7 unused Assets to reduce memory usage. Loaded Objects now: 1827.
Total: 3.911400 ms (FindLiveObjects: 0.433300 ms CreateObjectMapping: 0.208500 ms MarkObjects: 2.599500 ms  DeleteObjects: 0.668000 ms)

========================================================================
Received Import Request.
  Time since last request: 129.392286 seconds.
  path: Assets/Scripts/ThirdPersonMovement.cs
  artifactKey: Guid(bfffd3e78e4569b439633a3687430522) Importer(815301076,1909f56bfc062723c751e8b465ee728b)
Start importing Assets/Scripts/ThirdPersonMovement.cs using Guid(bfffd3e78e4569b439633a3687430522) Importer(815301076,1909f56bfc062723c751e8b465ee728b)  -> (artifact id: 'b2c47d42b623e46099dfe59916cbc8d8') in 0.005344 seconds
  Import took 0.008345 seconds .

========================================================================
Received Prepare
Registering precompiled user dll's ...
Registered in 0.000960 seconds.
Begin MonoManager ReloadAssembly
Native extension for WindowsStandalone target not found
Refreshing native plugins compatible for Editor in 0.28 ms, found 0 plugins.
Preloading 0 native plugins for Editor in 0.00 ms.
Invoked RoslynAnalysisRunner static constructor.
RoslynAnalysisRunner will not be running.
RoslynAnalysisRunner has terminated.
Mono: successfully reloaded assembly
- Completed reload, in  0.858 seconds
Platform modules already initialized, skipping
Refreshing native plugins compatible for Editor in 0.69 ms, found 0 plugins.
Preloading 0 native plugins for Editor in 0.00 ms.
Unloading 1267 Unused Serialized files (Serialized files now loaded: 0)
System memory in use before: 111.4 MB.
System memory in use after: 111.2 MB.

Unloading 7 unused Assets to reduce memory usage. Loaded Objects now: 1829.
Total: 5.684000 ms (FindLiveObjects: 0.514200 ms CreateObjectMapping: 0.185400 ms MarkObjects: 4.112500 ms  DeleteObjects: 0.868300 ms)

========================================================================
Received Prepare
Registering precompiled user dll's ...
Registered in 0.000709 seconds.
Begin MonoManager ReloadAssembly
Native extension for WindowsStandalone target not found
Refreshing native plugins compatible for Editor in 0.27 ms, found 0 plugins.
Preloading 0 native plugins for Editor in 0.00 ms.
Invoked RoslynAnalysisRunner static constructor.
RoslynAnalysisRunner will not be running.
RoslynAnalysisRunner has terminated.
Mono: successfully reloaded assembly
- Completed reload, in  0.833 seconds
Platform modules already initialized, skipping
Refreshing native plugins compatible for Editor in 0.43 ms, found 0 plugins.
Preloading 0 native plugins for Editor in 0.00 ms.
Unloading 1267 Unused Serialized files (Serialized files now loaded: 0)
System memory in use before: 111.5 MB.
System memory in use after: 111.2 MB.

Unloading 7 unused Assets to reduce memory usage. Loaded Objects now: 1831.
Total: 3.269100 ms (FindLiveObjects: 0.275300 ms CreateObjectMapping: 0.072900 ms MarkObjects: 2.333200 ms  DeleteObjects: 0.585700 ms)

========================================================================
Received Import Request.
  Time since last request: 88.118360 seconds.
  path: Assets/Scripts/ThirdPersonMovement.cs
  artifactKey: Guid(bfffd3e78e4569b439633a3687430522) Importer(815301076,1909f56bfc062723c751e8b465ee728b)
Start importing Assets/Scripts/ThirdPersonMovement.cs using Guid(bfffd3e78e4569b439633a3687430522) Importer(815301076,1909f56bfc062723c751e8b465ee728b)  -> (artifact id: '35d77e4da789e9ce183548e99870a0fa') in 0.003694 seconds
  Import took 0.006815 seconds .

========================================================================
Received Prepare
Registering precompiled user dll's ...
Registered in 0.000648 seconds.
Begin MonoManager ReloadAssembly
Native extension for WindowsStandalone target not found
Refreshing native plugins compatible for Editor in 0.30 ms, found 0 plugins.
Preloading 0 native plugins for Editor in 0.00 ms.
Invoked RoslynAnalysisRunner static constructor.
RoslynAnalysisRunner will not be running.
RoslynAnalysisRunner has terminated.
Mono: successfully reloaded assembly
- Completed reload, in  0.779 seconds
Platform modules already initialized, skipping
Refreshing native plugins compatible for Editor in 0.33 ms, found 0 plugins.
Preloading 0 native plugins for Editor in 0.00 ms.
Unloading 1267 Unused Serialized files (Serialized files now loaded: 0)
System memory in use before: 111.5 MB.
System memory in use after: 111.2 MB.

Unloading 7 unused Assets to reduce memory usage. Loaded Objects now: 1833.
Total: 3.139500 ms (FindLiveObjects: 0.369300 ms CreateObjectMapping: 0.104700 ms MarkObjects: 2.317200 ms  DeleteObjects: 0.346100 ms)

========================================================================
Received Import Request.
  Time since last request: 138.476321 seconds.
  path: Assets/Scripts/ThirdPersonMovement.cs
  artifactKey: Guid(bfffd3e78e4569b439633a3687430522) Importer(815301076,1909f56bfc062723c751e8b465ee728b)
Start importing Assets/Scripts/ThirdPersonMovement.cs using Guid(bfffd3e78e4569b439633a3687430522) Importer(815301076,1909f56bfc062723c751e8b465ee728b)  -> (artifact id: '0aad1f9a363dbdceb2f1b65d00ef021f') in 0.004602 seconds
  Import took 0.007552 seconds .

AssetImportWorkerClient::OnTransportError - code=2 error=End of file
